(venv) edi:lesson05 luke$ ./simple.py 
2018-05-09 06:41:57,069 simple.py:38  DEBUG 0
2018-05-09 06:41:57,069 simple.py:38  DEBUG 1
2018-05-09 06:41:57,069 simple.py:38  DEBUG 2
2018-05-09 06:41:57,070 simple.py:38  DEBUG 3
2018-05-09 06:41:57,070 simple.py:38  DEBUG 4
2018-05-09 06:41:57,070 simple.py:38  DEBUG 5
2018-05-09 06:41:57,070 simple.py:38  DEBUG 6
2018-05-09 06:41:57,070 simple.py:38  DEBUG 7
2018-05-09 06:41:57,070 simple.py:38  DEBUG 8
2018-05-09 06:41:57,070 simple.py:38  DEBUG 9
2018-05-09 06:41:57,071 simple.py:38  DEBUG 10
2018-05-09 06:41:57,071 simple.py:38  DEBUG 11
2018-05-09 06:41:57,071 simple.py:38  DEBUG 12
2018-05-09 06:41:57,071 simple.py:38  DEBUG 13
2018-05-09 06:41:57,071 simple.py:38  DEBUG 14
2018-05-09 06:41:57,071 simple.py:38  DEBUG 15
2018-05-09 06:41:57,071 simple.py:38  DEBUG 16
2018-05-09 06:41:57,072 simple.py:38  DEBUG 17
2018-05-09 06:41:57,072 simple.py:38  DEBUG 18
2018-05-09 06:41:57,072 simple.py:38  DEBUG 19
2018-05-09 06:41:57,072 simple.py:38  DEBUG 20
2018-05-09 06:41:57,072 simple.py:38  DEBUG 21
2018-05-09 06:41:57,072 simple.py:38  DEBUG 22
2018-05-09 06:41:57,072 simple.py:38  DEBUG 23
2018-05-09 06:41:57,073 simple.py:38  DEBUG 24
2018-05-09 06:41:57,073 simple.py:38  DEBUG 25
2018-05-09 06:41:57,073 simple.py:38  DEBUG 26
2018-05-09 06:41:57,073 simple.py:38  DEBUG 27
2018-05-09 06:41:57,073 simple.py:38  DEBUG 28
2018-05-09 06:41:57,073 simple.py:38  DEBUG 29
2018-05-09 06:41:57,073 simple.py:38  DEBUG 30
2018-05-09 06:41:57,074 simple.py:38  DEBUG 31
2018-05-09 06:41:57,074 simple.py:38  DEBUG 32
2018-05-09 06:41:57,074 simple.py:38  DEBUG 33
2018-05-09 06:41:57,074 simple.py:38  DEBUG 34
2018-05-09 06:41:57,074 simple.py:38  DEBUG 35
2018-05-09 06:41:57,074 simple.py:38  DEBUG 36
2018-05-09 06:41:57,074 simple.py:38  DEBUG 37
2018-05-09 06:41:57,074 simple.py:38  DEBUG 38
2018-05-09 06:41:57,075 simple.py:38  DEBUG 39
2018-05-09 06:41:57,075 simple.py:38  DEBUG 40
2018-05-09 06:41:57,075 simple.py:38  DEBUG 41
2018-05-09 06:41:57,075 simple.py:38  DEBUG 42
2018-05-09 06:41:57,075 simple.py:38  DEBUG 43
2018-05-09 06:41:57,075 simple.py:38  DEBUG 44
2018-05-09 06:41:57,075 simple.py:38  DEBUG 45
2018-05-09 06:41:57,076 simple.py:38  DEBUG 46
2018-05-09 06:41:57,076 simple.py:38  DEBUG 47
2018-05-09 06:41:57,076 simple.py:38  DEBUG 48
2018-05-09 06:41:57,076 simple.py:38  DEBUG 49
2018-05-09 06:41:57,076 simple.py:38  DEBUG 50
2018-05-09 06:41:57,076 simple.py:40  WARNING The value of i is 50.
2018-05-09 06:41:57,076 simple.py:44  ERROR Tried to divide by zero. Var i was 50. Recovered gracefully.
2018-05-09 06:41:57,078 simple.py:38  DEBUG 51
2018-05-09 06:41:57,078 simple.py:38  DEBUG 52
2018-05-09 06:41:57,078 simple.py:38  DEBUG 53
2018-05-09 06:41:57,078 simple.py:38  DEBUG 54
2018-05-09 06:41:57,078 simple.py:38  DEBUG 55
2018-05-09 06:41:57,078 simple.py:38  DEBUG 56
2018-05-09 06:41:57,079 simple.py:38  DEBUG 57
2018-05-09 06:41:57,079 simple.py:38  DEBUG 58
2018-05-09 06:41:57,079 simple.py:38  DEBUG 59
2018-05-09 06:41:57,079 simple.py:38  DEBUG 60
2018-05-09 06:41:57,079 simple.py:38  DEBUG 61
2018-05-09 06:41:57,079 simple.py:38  DEBUG 62
2018-05-09 06:41:57,079 simple.py:38  DEBUG 63
2018-05-09 06:41:57,080 simple.py:38  DEBUG 64
2018-05-09 06:41:57,080 simple.py:38  DEBUG 65
2018-05-09 06:41:57,080 simple.py:38  DEBUG 66
2018-05-09 06:41:57,080 simple.py:38  DEBUG 67
2018-05-09 06:41:57,080 simple.py:38  DEBUG 68
2018-05-09 06:41:57,080 simple.py:38  DEBUG 69
2018-05-09 06:41:57,080 simple.py:38  DEBUG 70
2018-05-09 06:41:57,080 simple.py:38  DEBUG 71
2018-05-09 06:41:57,081 simple.py:38  DEBUG 72
2018-05-09 06:41:57,081 simple.py:38  DEBUG 73
2018-05-09 06:41:57,081 simple.py:38  DEBUG 74
2018-05-09 06:41:57,081 simple.py:38  DEBUG 75
2018-05-09 06:41:57,081 simple.py:38  DEBUG 76
2018-05-09 06:41:57,081 simple.py:38  DEBUG 77
2018-05-09 06:41:57,082 simple.py:38  DEBUG 78
2018-05-09 06:41:57,082 simple.py:38  DEBUG 79
2018-05-09 06:41:57,082 simple.py:38  DEBUG 80
2018-05-09 06:41:57,082 simple.py:38  DEBUG 81
2018-05-09 06:41:57,082 simple.py:38  DEBUG 82
2018-05-09 06:41:57,082 simple.py:38  DEBUG 83
2018-05-09 06:41:57,082 simple.py:38  DEBUG 84
2018-05-09 06:41:57,083 simple.py:38  DEBUG 85
2018-05-09 06:41:57,083 simple.py:38  DEBUG 86
2018-05-09 06:41:57,083 simple.py:38  DEBUG 87
2018-05-09 06:41:57,083 simple.py:38  DEBUG 88
2018-05-09 06:41:57,083 simple.py:38  DEBUG 89
2018-05-09 06:41:57,083 simple.py:38  DEBUG 90
2018-05-09 06:41:57,083 simple.py:38  DEBUG 91
2018-05-09 06:41:57,083 simple.py:38  DEBUG 92
2018-05-09 06:41:57,084 simple.py:38  DEBUG 93
2018-05-09 06:41:57,084 simple.py:38  DEBUG 94
2018-05-09 06:41:57,084 simple.py:38  DEBUG 95
2018-05-09 06:41:57,084 simple.py:38  DEBUG 96
2018-05-09 06:41:57,084 simple.py:38  DEBUG 97
2018-05-09 06:41:57,084 simple.py:38  DEBUG 98
2018-05-09 06:41:57,084 simple.py:38  DEBUG 99
(venv) edi:lesson05 luke$ cat 2018-05-09.log 
2018-05-09 06:40:52,018 simple.py:40  WARNING The value of i is 50.
2018-05-09 06:40:52,018 simple.py:44  ERROR Tried to divide by zero. Var i was 50. Recovered gracefully.
2018-05-09 06:41:57,076 simple.py:40  WARNING The value of i is 50.
2018-05-09 06:41:57,076 simple.py:44  ERROR Tried to divide by zero. Var i was 50. Recovered gracefully.


[root@si /var/log]# grep edi messages | tail -1
May  9 06:41:57 edi.home.rider.us simple.py:44  ERROR Tried to divide by zero. Var i was 50. Recovered gracefully.

